c:\users\bbp24\desktop\project\assessment\build\19 - joints and rays\debug\vc142.pdb
c:\users\bbp24\desktop\project\assessment\build\19 - joints and rays\debug\vc142.idb
c:\users\bbp24\desktop\project\assessment\build\19 - joints and rays\debug\swordcollectible.obj
c:\users\bbp24\desktop\project\assessment\build\19 - joints and rays\debug\staticsensor.obj
c:\users\bbp24\desktop\project\assessment\build\19 - joints and rays\debug\staticconvex.obj
c:\users\bbp24\desktop\project\assessment\build\19 - joints and rays\debug\staticblock.obj
c:\users\bbp24\desktop\project\assessment\build\19 - joints and rays\debug\main.obj
c:\users\bbp24\desktop\project\assessment\build\19 - joints and rays\debug\game.obj
c:\users\bbp24\desktop\project\assessment\build\19 - joints and rays\debug\dynamicblock.obj
c:\users\bbp24\desktop\project\assessment\build\19 - joints and rays\debug\sfmldebugdraw.obj
c:\users\bbp24\desktop\project\assessment\build\19 - joints and rays\debug\sensorcontactlistener.obj
c:\users\bbp24\desktop\project\assessment\build\19 - joints and rays\debug\resourcesmanager.obj
c:\users\bbp24\desktop\project\assessment\build\19 - joints and rays\debug\player.obj
c:\users\bbp24\desktop\project\assessment\build\19 - joints and rays\debug\sensorobject.obj
c:\users\bbp24\desktop\project\assessment\build\19 - joints and rays\debug\heartcollectible.obj
c:\users\bbp24\desktop\project\assessment\build\19 - joints and rays\debug\graphics.obj
c:\users\bbp24\desktop\project\assessment\build\19 - joints and rays\debug\enemyai.obj
c:\users\bbp24\desktop\project\assessment\build\19 - joints and rays\debug\collectible.obj
c:\users\bbp24\desktop\project\assessment\bin\19 - joints and rays\19 - joints and rays.ilk
c:\users\bbp24\desktop\project\assessment\bin\19 - joints and rays\19 - joints and rays.exe
c:\users\bbp24\desktop\project\assessment\bin\19 - joints and rays\19 - joints and rays.pdb
c:\users\bbp24\desktop\project\assessment\platformer\..\bin\19 - joints and rays\19 - joints and rays.exe
c:\users\bbp24\desktop\project\assessment\build\19 - joints and rays\debug\platformer.tlog\cl.command.1.tlog
c:\users\bbp24\desktop\project\assessment\build\19 - joints and rays\debug\platformer.tlog\cl.read.1.tlog
c:\users\bbp24\desktop\project\assessment\build\19 - joints and rays\debug\platformer.tlog\cl.write.1.tlog
c:\users\bbp24\desktop\project\assessment\build\19 - joints and rays\debug\platformer.tlog\link.command.1.tlog
c:\users\bbp24\desktop\project\assessment\build\19 - joints and rays\debug\platformer.tlog\link.read.1.tlog
c:\users\bbp24\desktop\project\assessment\build\19 - joints and rays\debug\platformer.tlog\link.write.1.tlog
